<?xml version="1.0" encoding="UTF-8"?>
<testng-results skipped="0" failed="0" ignored="0" total="1" passed="1">
  <reporter-output>
    <line>
      <![CDATA[initiating chrome]]>
    </line>
    <line>
      <![CDATA[Opening url:https://www.saucedemo.com/]]>
    </line>
    <line>
      <![CDATA[Find Element By CSSELECTOR: [data-test='username'] When present]]>
    </line>
    <line>
      <![CDATA[Clearing]]>
    </line>
    <line>
      <![CDATA[Typing: standard_user]]>
    </line>
    <line>
      <![CDATA[Find Element By CSSELECTOR: [data-test='password'] When present]]>
    </line>
    <line>
      <![CDATA[Clearing]]>
    </line>
    <line>
      <![CDATA[Typing: secret_sauce]]>
    </line>
    <line>
      <![CDATA[Find Element By CSSELECTOR: .login-button When present]]>
    </line>
    <line>
      <![CDATA[Clicking]]>
    </line>
    <line>
      <![CDATA[Find Elements By CSSELECTOR: .inventory_item When present]]>
    </line>
    <line>
      <![CDATA[Clicking]]>
    </line>
    <line>
      <![CDATA[Find Elements By CSSELECTOR: .inventory_item When present]]>
    </line>
    <line>
      <![CDATA[Clicking]]>
    </line>
    <line>
      <![CDATA[Find Element By CSSELECTOR: .shopping_cart_link path When present]]>
    </line>
    <line>
      <![CDATA[Clicking]]>
    </line>
    <line>
      <![CDATA[Find Element By CSSELECTOR: .cart_checkout_link When present]]>
    </line>
    <line>
      <![CDATA[Clicking]]>
    </line>
    <line>
      <![CDATA[Find Element By CSSELECTOR: [data-test='firstName'] When present]]>
    </line>
    <line>
      <![CDATA[Clearing]]>
    </line>
    <line>
      <![CDATA[Typing: gal]]>
    </line>
    <line>
      <![CDATA[Find Element By CSSELECTOR: [data-test='lastName'] When present]]>
    </line>
    <line>
      <![CDATA[Clearing]]>
    </line>
    <line>
      <![CDATA[Typing: ester]]>
    </line>
    <line>
      <![CDATA[Find Element By CSSELECTOR: [data-test='postalCode'] When present]]>
    </line>
    <line>
      <![CDATA[Clearing]]>
    </line>
    <line>
      <![CDATA[Typing: 555]]>
    </line>
    <line>
      <![CDATA[Find Element By CSSELECTOR: .cart_checkout_link When present]]>
    </line>
    <line>
      <![CDATA[Clicking]]>
    </line>
    <line>
      <![CDATA[Find Element By CSSELECTOR: .cart_cancel_link When present]]>
    </line>
    <line>
      <![CDATA[Clicking]]>
    </line>
    <line>
      <![CDATA[Find Element By CSSELECTOR: .fa-layers-counter.shopping_cart_badge When present]]>
    </line>
    <line>
      <![CDATA[Find Element By CSSELECTOR: .fa-layers-counter.shopping_cart_badge When present]]>
    </line>
    <line>
      <![CDATA[Quiting browser]]>
    </line>
  </reporter-output>
  <suite name="advanced selenium suite" duration-ms="11615" started-at="2018-12-20T13:27:58Z" finished-at="2018-12-20T13:28:10Z">
    <groups>
    </groups>
    <test name="LoginTest" duration-ms="11615" started-at="2018-12-20T13:27:58Z" finished-at="2018-12-20T13:28:10Z">
      <class name="testcases.AddToCartTest">
        <test-method status="PASS" signature="setup(java.lang.String)[pri:0, instance:testcases.AddToCartTest@77a57272]" name="setup" is-config="true" duration-ms="5643" started-at="2018-12-20T13:27:58Z" finished-at="2018-12-20T13:28:04Z">
          <params>
            <param index="0">
              <value>
                <![CDATA[chrome]]>
              </value>
            </param>
          </params>
          <reporter-output>
            <line>
              <![CDATA[initiating chrome]]>
            </line>
            <line>
              <![CDATA[Opening url:https://www.saucedemo.com/]]>
            </line>
          </reporter-output>
        </test-method> <!-- setup -->
        <test-method status="PASS" signature="addToCartCancel()[pri:0, instance:testcases.AddToCartTest@77a57272]" name="addToCartCancel" duration-ms="4989" started-at="2018-12-20T13:28:04Z" finished-at="2018-12-20T13:28:09Z">
          <reporter-output>
            <line>
              <![CDATA[Find Element By CSSELECTOR: [data-test='username'] When present]]>
            </line>
            <line>
              <![CDATA[Clearing]]>
            </line>
            <line>
              <![CDATA[Typing: standard_user]]>
            </line>
            <line>
              <![CDATA[Find Element By CSSELECTOR: [data-test='password'] When present]]>
            </line>
            <line>
              <![CDATA[Clearing]]>
            </line>
            <line>
              <![CDATA[Typing: secret_sauce]]>
            </line>
            <line>
              <![CDATA[Find Element By CSSELECTOR: .login-button When present]]>
            </line>
            <line>
              <![CDATA[Clicking]]>
            </line>
            <line>
              <![CDATA[Find Elements By CSSELECTOR: .inventory_item When present]]>
            </line>
            <line>
              <![CDATA[Clicking]]>
            </line>
            <line>
              <![CDATA[Find Elements By CSSELECTOR: .inventory_item When present]]>
            </line>
            <line>
              <![CDATA[Clicking]]>
            </line>
            <line>
              <![CDATA[Find Element By CSSELECTOR: .shopping_cart_link path When present]]>
            </line>
            <line>
              <![CDATA[Clicking]]>
            </line>
            <line>
              <![CDATA[Find Element By CSSELECTOR: .cart_checkout_link When present]]>
            </line>
            <line>
              <![CDATA[Clicking]]>
            </line>
            <line>
              <![CDATA[Find Element By CSSELECTOR: [data-test='firstName'] When present]]>
            </line>
            <line>
              <![CDATA[Clearing]]>
            </line>
            <line>
              <![CDATA[Typing: gal]]>
            </line>
            <line>
              <![CDATA[Find Element By CSSELECTOR: [data-test='lastName'] When present]]>
            </line>
            <line>
              <![CDATA[Clearing]]>
            </line>
            <line>
              <![CDATA[Typing: ester]]>
            </line>
            <line>
              <![CDATA[Find Element By CSSELECTOR: [data-test='postalCode'] When present]]>
            </line>
            <line>
              <![CDATA[Clearing]]>
            </line>
            <line>
              <![CDATA[Typing: 555]]>
            </line>
            <line>
              <![CDATA[Find Element By CSSELECTOR: .cart_checkout_link When present]]>
            </line>
            <line>
              <![CDATA[Clicking]]>
            </line>
            <line>
              <![CDATA[Find Element By CSSELECTOR: .cart_cancel_link When present]]>
            </line>
            <line>
              <![CDATA[Clicking]]>
            </line>
            <line>
              <![CDATA[Find Element By CSSELECTOR: .fa-layers-counter.shopping_cart_badge When present]]>
            </line>
            <line>
              <![CDATA[Find Element By CSSELECTOR: .fa-layers-counter.shopping_cart_badge When present]]>
            </line>
          </reporter-output>
        </test-method> <!-- addToCartCancel -->
        <test-method status="PASS" signature="teardown()[pri:0, instance:testcases.AddToCartTest@77a57272]" name="teardown" is-config="true" duration-ms="654" started-at="2018-12-20T13:28:09Z" finished-at="2018-12-20T13:28:10Z">
          <reporter-output>
            <line>
              <![CDATA[Quiting browser]]>
            </line>
          </reporter-output>
        </test-method> <!-- teardown -->
      </class> <!-- testcases.AddToCartTest -->
    </test> <!-- LoginTest -->
  </suite> <!-- advanced selenium suite -->
</testng-results>
