<?xml version="1.0" encoding="UTF-8"?>
<!-- Generated by org.testng.reporters.JUnitXMLReporter -->
<testsuite hostname="Benny-computer" ignored="0" name="LoginTest" tests="3" failures="2" timestamp="19 Dec 2018 22:23:37 GMT" time="16.267" errors="0">
  <testcase name="lg11_loginFailed" time="2.443" classname="testcases.LoginTest">
    <failure type="java.lang.AssertionError" message="Failed That Fuck 2">
      <![CDATA[java.lang.AssertionError: Failed That Fuck 2
at testcases.LoginTest.lg11_loginFailed(LoginTest.java:21)
... Removed 26 stack frames]]>
    </failure>
  </testcase> <!-- lg11_loginFailed -->
  <testcase name="lg1_loginFailed" time="2.236" classname="testcases.LoginTest">
    <failure type="java.lang.AssertionError" message="Failed That Fuck">
      <![CDATA[java.lang.AssertionError: Failed That Fuck
at testcases.LoginTest.lg1_loginFailed(LoginTest.java:14)
... Removed 26 stack frames]]>
    </failure>
  </testcase> <!-- lg1_loginFailed -->
  <testcase name="lg2_loginSucced" time="4.226" classname="testcases.LoginTest"/>
</testsuite> <!-- LoginTest -->
